# JRE version: Java(TM) SE Runtime Environment (17.0.8+9) (build 17.0.8+9-LTS-211)
# Java VM: Java HotSpot(TM) 64-Bit Server VM (17.0.8+9-LTS-211, mixed mode, sharing, tiered, compressed oops, compressed class ptrs, g1 gc, windows-amd64)
GC Precious Log:
 CPUs: 8 total, 8 available
 Memory: 7502M
 Large Page Support: Disabled
 NUMA Support: Disabled
 Compressed Oops: Enabled (Zero based)
 Heap Region Size: 4M
 Heap Min Capacity: 8M
 Heap Initial Capacity: 120M
 Heap Max Capacity: 8G
 Pre-touch: Disabled
 Parallel Workers: 8
 Concurrent Workers: 2
 Concurrent Refinement Workers: 8
 Periodic GC: Disabled
Heap:
 garbage-first heap   total 1044480K, used 505858K [0x0000000600000000, 0x0000000800000000)
  region size 4096K, 2 young (8192K), 2 survivors (8192K)
 Metaspace       used 251592K, committed 253312K, reserved 1310720K
  class space    used 31563K, committed 32384K, reserved 1048576K
GC Heap History (20 events):
Event: 328.551 GC heap after
{Heap after GC invocations=84 (full 0):
 garbage-first heap   total 1044480K, used 336157K [0x0000000600000000, 0x0000000800000000)
  region size 4096K, 4 young (16384K), 4 survivors (16384K)
 Metaspace       used 251105K, committed 252800K, reserved 1310720K
  class space    used 31523K, committed 32320K, reserved 1048576K
}
Event: 330.208 GC heap before
{Heap before GC invocations=84 (full 0):
 garbage-first heap   total 1044480K, used 893213K [0x0000000600000000, 0x0000000800000000)
  region size 4096K, 141 young (577536K), 4 survivors (16384K)
 Metaspace       used 251182K, committed 252992K, reserved 1310720K
  class space    used 31530K, committed 32384K, reserved 1048576K
}
Event: 330.235 GC heap after
{Heap after GC invocations=85 (full 0):
 garbage-first heap   total 1044480K, used 350226K [0x0000000600000000, 0x0000000800000000)
  region size 4096K, 8 young (32768K), 8 survivors (32768K)
 Metaspace       used 251182K, committed 252992K, reserved 1310720K
  class space    used 31530K, committed 32384K, reserved 1048576K
}
Event: 333.303 GC heap before
{Heap before GC invocations=85 (full 0):
 garbage-first heap   total 1044480K, used 886802K [0x0000000600000000, 0x0000000800000000)
  region size 4096K, 139 young (569344K), 8 survivors (32768K)
 Metaspace       used 251282K, committed 253056K, reserved 1310720K
  class space    used 31544K, committed 32384K, reserved 1048576K
}
Event: 333.323 GC heap after
{Heap after GC invocations=86 (full 0):
 garbage-first heap   total 1044480K, used 346541K [0x0000000600000000, 0x0000000800000000)
  region size 4096K, 7 young (28672K), 7 survivors (28672K)
 Metaspace       used 251282K, committed 253056K, reserved 1310720K
  class space    used 31544K, committed 32384K, reserved 1048576K
}
Event: 337.573 GC heap before
{Heap before GC invocations=86 (full 0):
 garbage-first heap   total 1044480K, used 895405K [0x0000000600000000, 0x0000000800000000)
  region size 4096K, 141 young (577536K), 7 survivors (28672K)
 Metaspace       used 251301K, committed 253056K, reserved 1310720K
  class space    used 31544K, committed 32384K, reserved 1048576K
}
Event: 337.593 GC heap after
{Heap after GC invocations=87 (full 0):
 garbage-first heap   total 1044480K, used 343577K [0x0000000600000000, 0x0000000800000000)
  region size 4096K, 6 young (24576K), 6 survivors (24576K)
 Metaspace       used 251301K, committed 253056K, reserved 1310720K
  class space    used 31544K, committed 32384K, reserved 1048576K
}
Event: 340.266 GC heap before
{Heap before GC invocations=87 (full 0):
 garbage-first heap   total 1044480K, used 896537K [0x0000000600000000, 0x0000000800000000)
  region size 4096K, 142 young (581632K), 6 survivors (24576K)
 Metaspace       used 251469K, committed 253184K, reserved 1310720K
  class space    used 31561K, committed 32384K, reserved 1048576K
}
Event: 340.296 GC heap after
{Heap after GC invocations=88 (full 0):
 garbage-first heap   total 1044480K, used 366256K [0x0000000600000000, 0x0000000800000000)
  region size 4096K, 12 young (49152K), 12 survivors (49152K)
 Metaspace       used 251469K, committed 253184K, reserved 1310720K
  class space    used 31561K, committed 32384K, reserved 1048576K
}
Event: 341.335 GC heap before
{Heap before GC invocations=88 (full 0):
 garbage-first heap   total 1044480K, used 865968K [0x0000000600000000, 0x0000000800000000)
  region size 4096K, 135 young (552960K), 12 survivors (49152K)
 Metaspace       used 251502K, committed 253248K, reserved 1310720K
  class space    used 31561K, committed 32384K, reserved 1048576K
}
Event: 341.396 GC heap after
{Heap after GC invocations=89 (full 0):
 garbage-first heap   total 1044480K, used 394161K [0x0000000600000000, 0x0000000800000000)
  region size 4096K, 11 young (45056K), 11 survivors (45056K)
 Metaspace       used 251502K, committed 253248K, reserved 1310720K
  class space    used 31561K, committed 32384K, reserved 1048576K
}
Event: 342.628 GC heap before
{Heap before GC invocations=89 (full 0):
 garbage-first heap   total 1044480K, used 852913K [0x0000000600000000, 0x0000000800000000)
  region size 4096K, 124 young (507904K), 11 survivors (45056K)
 Metaspace       used 251529K, committed 253248K, reserved 1310720K
  class space    used 31562K, committed 32384K, reserved 1048576K
}
Event: 342.694 GC heap after
{Heap after GC invocations=90 (full 0):
 garbage-first heap   total 1044480K, used 441205K [0x0000000600000000, 0x0000000800000000)
  region size 4096K, 14 young (57344K), 14 survivors (57344K)
 Metaspace       used 251529K, committed 253248K, reserved 1310720K
  class space    used 31562K, committed 32384K, reserved 1048576K
}
Event: 343.532 GC heap before
{Heap before GC invocations=90 (full 0):
 garbage-first heap   total 1044480K, used 838517K [0x0000000600000000, 0x0000000800000000)
  region size 4096K, 111 young (454656K), 14 survivors (57344K)
 Metaspace       used 251546K, committed 253312K, reserved 1310720K
  class space    used 31562K, committed 32384K, reserved 1048576K
}
Event: 343.610 GC heap after
{Heap after GC invocations=91 (full 0):
 garbage-first heap   total 1044480K, used 476640K [0x0000000600000000, 0x0000000800000000)
  region size 4096K, 11 young (45056K), 11 survivors (45056K)
 Metaspace       used 251546K, committed 253312K, reserved 1310720K
  class space    used 31562K, committed 32384K, reserved 1048576K
}
Event: 344.569 GC heap before
{Heap before GC invocations=91 (full 0):
 garbage-first heap   total 1044480K, used 841184K [0x0000000600000000, 0x0000000800000000)
  region size 4096K, 100 young (409600K), 11 survivors (45056K)
 Metaspace       used 251565K, committed 253312K, reserved 1310720K
  class space    used 31563K, committed 32384K, reserved 1048576K
}
Event: 344.631 GC heap after
{Heap after GC invocations=92 (full 0):
 garbage-first heap   total 1044480K, used 501369K [0x0000000600000000, 0x0000000800000000)
  region size 4096K, 7 young (28672K), 7 survivors (28672K)
 Metaspace       used 251565K, committed 253312K, reserved 1310720K
  class space    used 31563K, committed 32384K, reserved 1048576K
}
Event: 345.329 GC heap before
{Heap before GC invocations=92 (full 0):
 garbage-first heap   total 1044480K, used 849529K [0x0000000600000000, 0x0000000800000000)
  region size 4096K, 92 young (376832K), 7 survivors (28672K)
 Metaspace       used 251584K, committed 253312K, reserved 1310720K
  class space    used 31563K, committed 32384K, reserved 1048576K
}
Event: 345.367 GC heap after
{Heap after GC invocations=93 (full 0):
 garbage-first heap   total 1044480K, used 503507K [0x0000000600000000, 0x0000000800000000)
  region size 4096K, 8 young (32768K), 8 survivors (32768K)
 Metaspace       used 251584K, committed 253312K, reserved 1310720K
  class space    used 31563K, committed 32384K, reserved 1048576K
}
Event: 346.096 GC heap before
{Heap before GC invocations=93 (full 0):
 garbage-first heap   total 1044480K, used 863955K [0x0000000600000000, 0x0000000800000000)
  region size 4096K, 96 young (393216K), 8 survivors (32768K)
 Metaspace       used 251592K, committed 253312K, reserved 1310720K
  class space    used 31563K, committed 32384K, reserved 1048576K
}

