# JRE version: Java(TM) SE Runtime Environment (17.0.8+9) (build 17.0.8+9-LTS-211)
# Java VM: Java HotSpot(TM) 64-Bit Server VM (17.0.8+9-LTS-211, mixed mode, sharing, tiered, compressed oops, compressed class ptrs, g1 gc, windows-amd64)
GC Precious Log:
 CPUs: 8 total, 8 available
 Memory: 7502M
 Large Page Support: Disabled
 NUMA Support: Disabled
 Compressed Oops: Enabled (Zero based)
 Heap Region Size: 4M
 Heap Min Capacity: 8M
 Heap Initial Capacity: 120M
 Heap Max Capacity: 8G
 Pre-touch: Disabled
 Parallel Workers: 8
 Concurrent Workers: 2
 Concurrent Refinement Workers: 8
 Periodic GC: Disabled
Heap:
 garbage-first heap   total 241664K, used 133035K [0x0000000600000000, 0x0000000800000000)
  region size 4096K, 3 young (12288K), 3 survivors (12288K)
 Metaspace       used 101399K, committed 102400K, reserved 1179648K
  class space    used 14210K, committed 14720K, reserved 1048576K
GC Heap History (20 events):
Event: 50.966 GC heap after
{Heap after GC invocations=45 (full 0):
 garbage-first heap   total 200704K, used 111912K [0x0000000600000000, 0x0000000800000000)
  region size 4096K, 2 young (8192K), 2 survivors (8192K)
 Metaspace       used 86839K, committed 87680K, reserved 1179648K
  class space    used 12059K, committed 12416K, reserved 1048576K
}
Event: 52.075 GC heap before
{Heap before GC invocations=45 (full 0):
 garbage-first heap   total 200704K, used 161064K [0x0000000600000000, 0x0000000800000000)
  region size 4096K, 14 young (57344K), 2 survivors (8192K)
 Metaspace       used 88627K, committed 89472K, reserved 1179648K
  class space    used 12296K, committed 12672K, reserved 1048576K
}
Event: 52.083 GC heap after
{Heap after GC invocations=46 (full 0):
 garbage-first heap   total 200704K, used 115284K [0x0000000600000000, 0x0000000800000000)
  region size 4096K, 2 young (8192K), 2 survivors (8192K)
 Metaspace       used 88627K, committed 89472K, reserved 1179648K
  class space    used 12296K, committed 12672K, reserved 1048576K
}
Event: 53.328 GC heap before
{Heap before GC invocations=47 (full 0):
 garbage-first heap   total 212992K, used 156244K [0x0000000600000000, 0x0000000800000000)
  region size 4096K, 12 young (49152K), 2 survivors (8192K)
 Metaspace       used 91428K, committed 92352K, reserved 1179648K
  class space    used 12744K, committed 13184K, reserved 1048576K
}
Event: 53.336 GC heap after
{Heap after GC invocations=48 (full 0):
 garbage-first heap   total 212992K, used 116875K [0x0000000600000000, 0x0000000800000000)
  region size 4096K, 2 young (8192K), 2 survivors (8192K)
 Metaspace       used 91428K, committed 92352K, reserved 1179648K
  class space    used 12744K, committed 13184K, reserved 1048576K
}
Event: 53.476 GC heap before
{Heap before GC invocations=48 (full 0):
 garbage-first heap   total 212992K, used 120971K [0x0000000600000000, 0x0000000800000000)
  region size 4096K, 3 young (12288K), 2 survivors (8192K)
 Metaspace       used 91733K, committed 92672K, reserved 1179648K
  class space    used 12799K, committed 13248K, reserved 1048576K
}
Event: 53.484 GC heap after
{Heap after GC invocations=49 (full 0):
 garbage-first heap   total 212992K, used 115123K [0x0000000600000000, 0x0000000800000000)
  region size 4096K, 1 young (4096K), 1 survivors (4096K)
 Metaspace       used 91733K, committed 92672K, reserved 1179648K
  class space    used 12799K, committed 13248K, reserved 1048576K
}
Event: 55.683 GC heap before
{Heap before GC invocations=49 (full 0):
 garbage-first heap   total 212992K, used 172467K [0x0000000600000000, 0x0000000800000000)
  region size 4096K, 15 young (61440K), 1 survivors (4096K)
 Metaspace       used 95544K, committed 96448K, reserved 1179648K
  class space    used 13374K, committed 13824K, reserved 1048576K
}
Event: 55.688 GC heap after
{Heap after GC invocations=50 (full 0):
 garbage-first heap   total 212992K, used 116573K [0x0000000600000000, 0x0000000800000000)
  region size 4096K, 1 young (4096K), 1 survivors (4096K)
 Metaspace       used 95544K, committed 96448K, reserved 1179648K
  class space    used 13374K, committed 13824K, reserved 1048576K
}
Event: 57.675 GC heap before
{Heap before GC invocations=51 (full 0):
 garbage-first heap   total 212992K, used 173917K [0x0000000600000000, 0x0000000800000000)
  region size 4096K, 15 young (61440K), 1 survivors (4096K)
 Metaspace       used 98485K, committed 99392K, reserved 1179648K
  class space    used 13821K, committed 14272K, reserved 1048576K
}
Event: 57.683 GC heap after
{Heap after GC invocations=52 (full 0):
 garbage-first heap   total 212992K, used 119549K [0x0000000600000000, 0x0000000800000000)
  region size 4096K, 2 young (8192K), 2 survivors (8192K)
 Metaspace       used 98485K, committed 99392K, reserved 1179648K
  class space    used 13821K, committed 14272K, reserved 1048576K
}
Event: 57.955 GC heap before
{Heap before GC invocations=52 (full 0):
 garbage-first heap   total 212992K, used 123645K [0x0000000600000000, 0x0000000800000000)
  region size 4096K, 3 young (12288K), 2 survivors (8192K)
 Metaspace       used 98627K, committed 99584K, reserved 1179648K
  class space    used 13838K, committed 14336K, reserved 1048576K
}
Event: 57.964 GC heap after
{Heap after GC invocations=53 (full 0):
 garbage-first heap   total 212992K, used 118557K [0x0000000600000000, 0x0000000800000000)
  region size 4096K, 1 young (4096K), 1 survivors (4096K)
 Metaspace       used 98627K, committed 99584K, reserved 1179648K
  class space    used 13838K, committed 14336K, reserved 1048576K
}
Event: 58.976 GC heap before
{Heap before GC invocations=53 (full 0):
 garbage-first heap   total 212992K, used 167709K [0x0000000600000000, 0x0000000800000000)
  region size 4096K, 14 young (57344K), 1 survivors (4096K)
 Metaspace       used 98829K, committed 99776K, reserved 1179648K
  class space    used 13840K, committed 14336K, reserved 1048576K
}
Event: 58.982 GC heap after
{Heap after GC invocations=54 (full 0):
 garbage-first heap   total 212992K, used 122829K [0x0000000600000000, 0x0000000800000000)
  region size 4096K, 2 young (8192K), 2 survivors (8192K)
 Metaspace       used 98829K, committed 99776K, reserved 1179648K
  class space    used 13840K, committed 14336K, reserved 1048576K
}
Event: 59.631 GC heap before
{Heap before GC invocations=55 (full 0):
 garbage-first heap   total 241664K, used 167885K [0x0000000600000000, 0x0000000800000000)
  region size 4096K, 14 young (57344K), 2 survivors (8192K)
 Metaspace       used 98835K, committed 99776K, reserved 1179648K
  class space    used 13841K, committed 14336K, reserved 1048576K
}
Event: 59.637 GC heap after
{Heap after GC invocations=56 (full 0):
 garbage-first heap   total 241664K, used 123989K [0x0000000600000000, 0x0000000800000000)
  region size 4096K, 1 young (4096K), 1 survivors (4096K)
 Metaspace       used 98835K, committed 99776K, reserved 1179648K
  class space    used 13841K, committed 14336K, reserved 1048576K
}
Event: 59.836 GC heap before
{Heap before GC invocations=56 (full 0):
 garbage-first heap   total 241664K, used 128085K [0x0000000600000000, 0x0000000800000000)
  region size 4096K, 2 young (8192K), 1 survivors (4096K)
 Metaspace       used 99027K, committed 99968K, reserved 1179648K
  class space    used 13869K, committed 14336K, reserved 1048576K
}
Event: 59.844 GC heap after
{Heap after GC invocations=57 (full 0):
 garbage-first heap   total 241664K, used 123029K [0x0000000600000000, 0x0000000800000000)
  region size 4096K, 1 young (4096K), 1 survivors (4096K)
 Metaspace       used 99027K, committed 99968K, reserved 1179648K
  class space    used 13869K, committed 14336K, reserved 1048576K
}
Event: 62.726 GC heap before
{Heap before GC invocations=57 (full 0):
 garbage-first heap   total 241664K, used 192661K [0x0000000600000000, 0x0000000800000000)
  region size 4096K, 19 young (77824K), 1 survivors (4096K)
 Metaspace       used 101399K, committed 102400K, reserved 1179648K
  class space    used 14210K, committed 14720K, reserved 1048576K
}

