# JRE version: OpenJDK Runtime Environment Temurin-21.0.10+7 (21.0.10+7) (build 21.0.10+7-LTS)
# Java VM: OpenJDK 64-Bit Server VM Temurin-21.0.10+7 (21.0.10+7-LTS, mixed mode, sharing, tiered, compressed oops, compressed class ptrs, g1 gc, windows-amd64)
GC Precious Log:
 CardTable entry size: 512
 Card Set container configuration: InlinePtr #cards 4 size 8 Array Of Cards #cards 32 size 80 Howl #buckets 8 coarsen threshold 7372 Howl Bitmap #cards 1024 size 144 coarsen threshold 921 Card regions per heap region 1 cards per card region 8192
 CPUs: 8 total, 8 available
 Memory: 7502M
 Large Page Support: Disabled
 NUMA Support: Disabled
 Compressed Oops: Enabled (Zero based)
 Heap Region Size: 4M
 Heap Min Capacity: 8M
 Heap Initial Capacity: 120M
 Heap Max Capacity: 8G
 Pre-touch: Disabled
 Parallel Workers: 8
 Concurrent Workers: 2
 Concurrent Refinement Workers: 8
 Periodic GC: Disabled
Heap:
 garbage-first heap   total 151552K, used 83962K [0x0000000600000000, 0x0000000800000000)
  region size 4096K, 3 young (12288K), 2 survivors (8192K)
 Metaspace       used 77080K, committed 79296K, reserved 1179648K
  class space    used 11282K, committed 12352K, reserved 1048576K
GC Heap History (20 events):
Event: 36.626 GC heap before
{Heap before GC invocations=18 (full 0):
 garbage-first heap   total 114688K, used 103052K [0x0000000600000000, 0x0000000800000000)
  region size 4096K, 11 young (45056K), 1 survivors (4096K)
 Metaspace       used 64211K, committed 66176K, reserved 1114112K
  class space    used 9424K, committed 10368K, reserved 1048576K
}
Event: 36.634 GC heap after
{Heap after GC invocations=19 (full 0):
 garbage-first heap   total 118784K, used 63192K [0x0000000600000000, 0x0000000800000000)
  region size 4096K, 2 young (8192K), 2 survivors (8192K)
 Metaspace       used 64211K, committed 66176K, reserved 1114112K
  class space    used 9424K, committed 10368K, reserved 1048576K
}
Event: 37.737 GC heap before
{Heap before GC invocations=19 (full 0):
 garbage-first heap   total 118784K, used 100056K [0x0000000600000000, 0x0000000800000000)
  region size 4096K, 11 young (45056K), 2 survivors (8192K)
 Metaspace       used 65908K, committed 67904K, reserved 1114112K
  class space    used 9668K, committed 10624K, reserved 1048576K
}
Event: 37.745 GC heap after
{Heap after GC invocations=20 (full 0):
 garbage-first heap   total 118784K, used 67382K [0x0000000600000000, 0x0000000800000000)
  region size 4096K, 2 young (8192K), 2 survivors (8192K)
 Metaspace       used 65908K, committed 67904K, reserved 1114112K
  class space    used 9668K, committed 10624K, reserved 1048576K
}
Event: 38.929 GC heap before
{Heap before GC invocations=21 (full 0):
 garbage-first heap   total 118784K, used 104246K [0x0000000600000000, 0x0000000800000000)
  region size 4096K, 11 young (45056K), 2 survivors (8192K)
 Metaspace       used 68603K, committed 70720K, reserved 1114112K
  class space    used 10074K, committed 11136K, reserved 1048576K
}
Event: 38.939 GC heap after
{Heap after GC invocations=22 (full 0):
 garbage-first heap   total 118784K, used 70485K [0x0000000600000000, 0x0000000800000000)
  region size 4096K, 2 young (8192K), 2 survivors (8192K)
 Metaspace       used 68603K, committed 70720K, reserved 1114112K
  class space    used 10074K, committed 11136K, reserved 1048576K
}
Event: 40.724 GC heap before
{Heap before GC invocations=22 (full 0):
 garbage-first heap   total 118784K, used 103253K [0x0000000600000000, 0x0000000800000000)
  region size 4096K, 10 young (40960K), 2 survivors (8192K)
 Metaspace       used 71010K, committed 73088K, reserved 1114112K
  class space    used 10496K, committed 11584K, reserved 1048576K
}
Event: 40.736 GC heap after
{Heap after GC invocations=23 (full 0):
 garbage-first heap   total 118784K, used 70845K [0x0000000600000000, 0x0000000800000000)
  region size 4096K, 2 young (8192K), 2 survivors (8192K)
 Metaspace       used 71010K, committed 73088K, reserved 1114112K
  class space    used 10496K, committed 11584K, reserved 1048576K
}
Event: 42.107 GC heap before
{Heap before GC invocations=23 (full 0):
 garbage-first heap   total 118784K, used 103613K [0x0000000600000000, 0x0000000800000000)
  region size 4096K, 10 young (40960K), 2 survivors (8192K)
 Metaspace       used 73496K, committed 75648K, reserved 1114112K
  class space    used 10830K, committed 11904K, reserved 1048576K
}
Event: 42.118 GC heap after
{Heap after GC invocations=24 (full 0):
 garbage-first heap   total 118784K, used 75306K [0x0000000600000000, 0x0000000800000000)
  region size 4096K, 2 young (8192K), 2 survivors (8192K)
 Metaspace       used 73496K, committed 75648K, reserved 1114112K
  class space    used 10830K, committed 11904K, reserved 1048576K
}
Event: 88.574 GC heap before
{Heap before GC invocations=25 (full 0):
 garbage-first heap   total 131072K, used 103978K [0x0000000600000000, 0x0000000800000000)
  region size 4096K, 9 young (36864K), 2 survivors (8192K)
 Metaspace       used 76403K, committed 78656K, reserved 1179648K
  class space    used 11257K, committed 12352K, reserved 1048576K
}
Event: 88.586 GC heap after
{Heap after GC invocations=26 (full 0):
 garbage-first heap   total 131072K, used 78165K [0x0000000600000000, 0x0000000800000000)
  region size 4096K, 1 young (4096K), 1 survivors (4096K)
 Metaspace       used 76403K, committed 78656K, reserved 1179648K
  class space    used 11257K, committed 12352K, reserved 1048576K
}
Event: 91.719 GC heap before
{Heap before GC invocations=26 (full 0):
 garbage-first heap   total 131072K, used 110933K [0x0000000600000000, 0x0000000800000000)
  region size 4096K, 9 young (36864K), 1 survivors (4096K)
 Metaspace       used 76967K, committed 79104K, reserved 1179648K
  class space    used 11279K, committed 12352K, reserved 1048576K
}
Event: 91.730 GC heap after
{Heap after GC invocations=27 (full 0):
 garbage-first heap   total 131072K, used 81174K [0x0000000600000000, 0x0000000800000000)
  region size 4096K, 2 young (8192K), 2 survivors (8192K)
 Metaspace       used 76967K, committed 79104K, reserved 1179648K
  class space    used 11279K, committed 12352K, reserved 1048576K
}
Event: 92.784 GC heap before
{Heap before GC invocations=27 (full 0):
 garbage-first heap   total 131072K, used 113942K [0x0000000600000000, 0x0000000800000000)
  region size 4096K, 10 young (40960K), 2 survivors (8192K)
 Metaspace       used 77069K, committed 79296K, reserved 1179648K
  class space    used 11282K, committed 12352K, reserved 1048576K
}
Event: 92.794 GC heap after
{Heap after GC invocations=28 (full 0):
 garbage-first heap   total 131072K, used 82512K [0x0000000600000000, 0x0000000800000000)
  region size 4096K, 1 young (4096K), 1 survivors (4096K)
 Metaspace       used 77069K, committed 79296K, reserved 1179648K
  class space    used 11282K, committed 12352K, reserved 1048576K
}
Event: 94.230 GC heap before
{Heap before GC invocations=28 (full 0):
 garbage-first heap   total 131072K, used 115280K [0x0000000600000000, 0x0000000800000000)
  region size 4096K, 9 young (36864K), 1 survivors (4096K)
 Metaspace       used 77076K, committed 79296K, reserved 1179648K
  class space    used 11282K, committed 12352K, reserved 1048576K
}
Event: 94.238 GC heap after
{Heap after GC invocations=29 (full 0):
 garbage-first heap   total 131072K, used 82917K [0x0000000600000000, 0x0000000800000000)
  region size 4096K, 2 young (8192K), 2 survivors (8192K)
 Metaspace       used 77076K, committed 79296K, reserved 1179648K
  class space    used 11282K, committed 12352K, reserved 1048576K
}
Event: 95.421 GC heap before
{Heap before GC invocations=30 (full 0):
 garbage-first heap   total 151552K, used 111589K [0x0000000600000000, 0x0000000800000000)
  region size 4096K, 9 young (36864K), 2 survivors (8192K)
 Metaspace       used 77080K, committed 79296K, reserved 1179648K
  class space    used 11282K, committed 12352K, reserved 1048576K
}
Event: 95.429 GC heap after
{Heap after GC invocations=31 (full 0):
 garbage-first heap   total 151552K, used 83962K [0x0000000600000000, 0x0000000800000000)
  region size 4096K, 2 young (8192K), 2 survivors (8192K)
 Metaspace       used 77080K, committed 79296K, reserved 1179648K
  class space    used 11282K, committed 12352K, reserved 1048576K
}

