# JRE version: Java(TM) SE Runtime Environment (17.0.8+9) (build 17.0.8+9-LTS-211)
# Java VM: Java HotSpot(TM) 64-Bit Server VM (17.0.8+9-LTS-211, mixed mode, sharing, tiered, compressed oops, compressed class ptrs, g1 gc, windows-amd64)
GC Precious Log:
 CPUs: 8 total, 8 available
 Memory: 7502M
 Large Page Support: Disabled
 NUMA Support: Disabled
 Compressed Oops: Enabled (Zero based)
 Heap Region Size: 4M
 Heap Min Capacity: 8M
 Heap Initial Capacity: 120M
 Heap Max Capacity: 8G
 Pre-touch: Disabled
 Parallel Workers: 8
 Concurrent Workers: 2
 Concurrent Refinement Workers: 8
 Periodic GC: Disabled
Heap:
 garbage-first heap   total 204800K, used 121088K [0x0000000600000000, 0x0000000800000000)
  region size 4096K, 2 young (8192K), 1 survivors (4096K)
 Metaspace       used 93431K, committed 94336K, reserved 1179648K
  class space    used 12903K, committed 13312K, reserved 1048576K
GC Heap History (20 events):
Event: 58.093 GC heap before
{Heap before GC invocations=36 (full 0):
 garbage-first heap   total 184320K, used 138967K [0x0000000600000000, 0x0000000800000000)
  region size 4096K, 17 young (69632K), 2 survivors (8192K)
 Metaspace       used 79005K, committed 79808K, reserved 1179648K
  class space    used 11072K, committed 11456K, reserved 1048576K
}
Event: 58.105 GC heap after
{Heap after GC invocations=37 (full 0):
 garbage-first heap   total 184320K, used 85666K [0x0000000600000000, 0x0000000800000000)
  region size 4096K, 3 young (12288K), 3 survivors (12288K)
 Metaspace       used 79005K, committed 79808K, reserved 1179648K
  class space    used 11072K, committed 11456K, reserved 1048576K
}
Event: 58.974 GC heap before
{Heap before GC invocations=38 (full 0):
 garbage-first heap   total 184320K, used 134818K [0x0000000600000000, 0x0000000800000000)
  region size 4096K, 16 young (65536K), 3 survivors (12288K)
 Metaspace       used 79014K, committed 79808K, reserved 1179648K
  class space    used 11072K, committed 11456K, reserved 1048576K
}
Event: 58.984 GC heap after
{Heap after GC invocations=39 (full 0):
 garbage-first heap   total 184320K, used 87255K [0x0000000600000000, 0x0000000800000000)
  region size 4096K, 2 young (8192K), 2 survivors (8192K)
 Metaspace       used 79014K, committed 79808K, reserved 1179648K
  class space    used 11072K, committed 11456K, reserved 1048576K
}
Event: 59.656 GC heap before
{Heap before GC invocations=39 (full 0):
 garbage-first heap   total 184320K, used 144599K [0x0000000600000000, 0x0000000800000000)
  region size 4096K, 16 young (65536K), 2 survivors (8192K)
 Metaspace       used 79017K, committed 79808K, reserved 1179648K
  class space    used 11072K, committed 11456K, reserved 1048576K
}
Event: 59.664 GC heap after
{Heap after GC invocations=40 (full 0):
 garbage-first heap   total 184320K, used 88746K [0x0000000600000000, 0x0000000800000000)
  region size 4096K, 2 young (8192K), 2 survivors (8192K)
 Metaspace       used 79017K, committed 79808K, reserved 1179648K
  class space    used 11072K, committed 11456K, reserved 1048576K
}
Event: 63.402 GC heap before
{Heap before GC invocations=41 (full 0):
 garbage-first heap   total 184320K, used 137898K [0x0000000600000000, 0x0000000800000000)
  region size 4096K, 15 young (61440K), 2 survivors (8192K)
 Metaspace       used 80039K, committed 80896K, reserved 1179648K
  class space    used 11195K, committed 11584K, reserved 1048576K
}
Event: 63.411 GC heap after
{Heap after GC invocations=42 (full 0):
 garbage-first heap   total 184320K, used 102162K [0x0000000600000000, 0x0000000800000000)
  region size 4096K, 2 young (8192K), 2 survivors (8192K)
 Metaspace       used 80039K, committed 80896K, reserved 1179648K
  class space    used 11195K, committed 11584K, reserved 1048576K
}
Event: 64.780 GC heap before
{Heap before GC invocations=42 (full 0):
 garbage-first heap   total 184320K, used 130834K [0x0000000600000000, 0x0000000800000000)
  region size 4096K, 10 young (40960K), 2 survivors (8192K)
 Metaspace       used 81748K, committed 82624K, reserved 1179648K
  class space    used 11396K, committed 11840K, reserved 1048576K
}
Event: 64.786 GC heap after
{Heap after GC invocations=43 (full 0):
 garbage-first heap   total 184320K, used 108869K [0x0000000600000000, 0x0000000800000000)
  region size 4096K, 2 young (8192K), 2 survivors (8192K)
 Metaspace       used 81748K, committed 82624K, reserved 1179648K
  class space    used 11396K, committed 11840K, reserved 1048576K
}
Event: 66.211 GC heap before
{Heap before GC invocations=44 (full 0):
 garbage-first heap   total 192512K, used 137541K [0x0000000600000000, 0x0000000800000000)
  region size 4096K, 9 young (36864K), 2 survivors (8192K)
 Metaspace       used 84383K, committed 85248K, reserved 1179648K
  class space    used 11689K, committed 12096K, reserved 1048576K
}
Event: 66.218 GC heap after
{Heap after GC invocations=45 (full 0):
 garbage-first heap   total 192512K, used 110615K [0x0000000600000000, 0x0000000800000000)
  region size 4096K, 1 young (4096K), 1 survivors (4096K)
 Metaspace       used 84383K, committed 85248K, reserved 1179648K
  class space    used 11689K, committed 12096K, reserved 1048576K
}
Event: 68.162 GC heap before
{Heap before GC invocations=45 (full 0):
 garbage-first heap   total 192512K, used 147479K [0x0000000600000000, 0x0000000800000000)
  region size 4096K, 10 young (40960K), 1 survivors (4096K)
 Metaspace       used 85676K, committed 86528K, reserved 1179648K
  class space    used 11886K, committed 12288K, reserved 1048576K
}
Event: 68.171 GC heap after
{Heap after GC invocations=46 (full 0):
 garbage-first heap   total 192512K, used 115027K [0x0000000600000000, 0x0000000800000000)
  region size 4096K, 2 young (8192K), 2 survivors (8192K)
 Metaspace       used 85676K, committed 86528K, reserved 1179648K
  class space    used 11886K, committed 12288K, reserved 1048576K
}
Event: 70.312 GC heap before
{Heap before GC invocations=47 (full 0):
 garbage-first heap   total 204800K, used 147795K [0x0000000600000000, 0x0000000800000000)
  region size 4096K, 10 young (40960K), 2 survivors (8192K)
 Metaspace       used 88022K, committed 88960K, reserved 1179648K
  class space    used 12174K, committed 12608K, reserved 1048576K
}
Event: 70.317 GC heap after
{Heap after GC invocations=48 (full 0):
 garbage-first heap   total 204800K, used 117313K [0x0000000600000000, 0x0000000800000000)
  region size 4096K, 1 young (4096K), 1 survivors (4096K)
 Metaspace       used 88022K, committed 88960K, reserved 1179648K
  class space    used 12174K, committed 12608K, reserved 1048576K
}
Event: 72.125 GC heap before
{Heap before GC invocations=48 (full 0):
 garbage-first heap   total 204800K, used 158273K [0x0000000600000000, 0x0000000800000000)
  region size 4096K, 11 young (45056K), 1 survivors (4096K)
 Metaspace       used 90161K, committed 91008K, reserved 1179648K
  class space    used 12459K, committed 12864K, reserved 1048576K
}
Event: 72.130 GC heap after
{Heap after GC invocations=49 (full 0):
 garbage-first heap   total 204800K, used 119898K [0x0000000600000000, 0x0000000800000000)
  region size 4096K, 2 young (8192K), 2 survivors (8192K)
 Metaspace       used 90161K, committed 91008K, reserved 1179648K
  class space    used 12459K, committed 12864K, reserved 1048576K
}
Event: 73.697 GC heap before
{Heap before GC invocations=49 (full 0):
 garbage-first heap   total 204800K, used 160858K [0x0000000600000000, 0x0000000800000000)
  region size 4096K, 12 young (49152K), 2 survivors (8192K)
 Metaspace       used 93296K, committed 94144K, reserved 1179648K
  class space    used 12887K, committed 13312K, reserved 1048576K
}
Event: 73.702 GC heap after
{Heap after GC invocations=50 (full 0):
 garbage-first heap   total 204800K, used 121088K [0x0000000600000000, 0x0000000800000000)
  region size 4096K, 1 young (4096K), 1 survivors (4096K)
 Metaspace       used 93296K, committed 94144K, reserved 1179648K
  class space    used 12887K, committed 13312K, reserved 1048576K
}

