# JRE version: Java(TM) SE Runtime Environment (17.0.8+9) (build 17.0.8+9-LTS-211)
# Java VM: Java HotSpot(TM) 64-Bit Server VM (17.0.8+9-LTS-211, mixed mode, sharing, tiered, compressed oops, compressed class ptrs, g1 gc, windows-amd64)
GC Precious Log:
 CPUs: 8 total, 8 available
 Memory: 7502M
 Large Page Support: Disabled
 NUMA Support: Disabled
 Compressed Oops: Enabled (Zero based)
 Heap Region Size: 4M
 Heap Min Capacity: 8M
 Heap Initial Capacity: 120M
 Heap Max Capacity: 8G
 Pre-touch: Disabled
 Parallel Workers: 8
 Concurrent Workers: 2
 Concurrent Refinement Workers: 8
 Periodic GC: Disabled
Heap:
 garbage-first heap   total 245760K, used 195013K [0x0000000600000000, 0x0000000800000000)
  region size 4096K, 2 young (8192K), 1 survivors (4096K)
 Metaspace       used 116389K, committed 117632K, reserved 1179648K
  class space    used 16190K, committed 16768K, reserved 1048576K
GC Heap History (20 events):
Event: 112.865 GC heap before
{Heap before GC invocations=64 (full 0):
 garbage-first heap   total 245760K, used 200710K [0x0000000600000000, 0x0000000800000000)
  region size 4096K, 9 young (36864K), 1 survivors (4096K)
 Metaspace       used 106686K, committed 107840K, reserved 1179648K
  class space    used 14872K, committed 15424K, reserved 1048576K
}
Event: 112.872 GC heap after
{Heap after GC invocations=65 (full 0):
 garbage-first heap   total 245760K, used 170555K [0x0000000600000000, 0x0000000800000000)
  region size 4096K, 2 young (8192K), 2 survivors (8192K)
 Metaspace       used 106686K, committed 107840K, reserved 1179648K
  class space    used 14872K, committed 15424K, reserved 1048576K
}
Event: 114.065 GC heap before
{Heap before GC invocations=65 (full 0):
 garbage-first heap   total 245760K, used 199227K [0x0000000600000000, 0x0000000800000000)
  region size 4096K, 9 young (36864K), 2 survivors (8192K)
 Metaspace       used 108044K, committed 109248K, reserved 1179648K
  class space    used 15054K, committed 15616K, reserved 1048576K
}
Event: 114.076 GC heap after
{Heap after GC invocations=66 (full 0):
 garbage-first heap   total 245760K, used 173667K [0x0000000600000000, 0x0000000800000000)
  region size 4096K, 2 young (8192K), 2 survivors (8192K)
 Metaspace       used 108044K, committed 109248K, reserved 1179648K
  class space    used 15054K, committed 15616K, reserved 1048576K
}
Event: 115.395 GC heap before
{Heap before GC invocations=66 (full 0):
 garbage-first heap   total 245760K, used 206435K [0x0000000600000000, 0x0000000800000000)
  region size 4096K, 10 young (40960K), 2 survivors (8192K)
 Metaspace       used 109255K, committed 110464K, reserved 1179648K
  class space    used 15236K, committed 15808K, reserved 1048576K
}
Event: 115.403 GC heap after
{Heap after GC invocations=67 (full 0):
 garbage-first heap   total 245760K, used 175906K [0x0000000600000000, 0x0000000800000000)
  region size 4096K, 2 young (8192K), 2 survivors (8192K)
 Metaspace       used 109255K, committed 110464K, reserved 1179648K
  class space    used 15236K, committed 15808K, reserved 1048576K
}
Event: 116.602 GC heap before
{Heap before GC invocations=67 (full 0):
 garbage-first heap   total 245760K, used 204578K [0x0000000600000000, 0x0000000800000000)
  region size 4096K, 9 young (36864K), 2 survivors (8192K)
 Metaspace       used 110650K, committed 111872K, reserved 1179648K
  class space    used 15415K, committed 16000K, reserved 1048576K
}
Event: 116.610 GC heap after
{Heap after GC invocations=68 (full 0):
 garbage-first heap   total 245760K, used 178161K [0x0000000600000000, 0x0000000800000000)
  region size 4096K, 2 young (8192K), 2 survivors (8192K)
 Metaspace       used 110650K, committed 111872K, reserved 1179648K
  class space    used 15415K, committed 16000K, reserved 1048576K
}
Event: 117.341 GC heap before
{Heap before GC invocations=68 (full 0):
 garbage-first heap   total 245760K, used 202737K [0x0000000600000000, 0x0000000800000000)
  region size 4096K, 8 young (32768K), 2 survivors (8192K)
 Metaspace       used 111658K, committed 112832K, reserved 1179648K
  class space    used 15552K, committed 16128K, reserved 1048576K
}
Event: 117.347 GC heap after
{Heap after GC invocations=69 (full 0):
 garbage-first heap   total 245760K, used 180487K [0x0000000600000000, 0x0000000800000000)
  region size 4096K, 1 young (4096K), 1 survivors (4096K)
 Metaspace       used 111658K, committed 112832K, reserved 1179648K
  class space    used 15552K, committed 16128K, reserved 1048576K
}
Event: 118.099 GC heap before
{Heap before GC invocations=69 (full 0):
 garbage-first heap   total 245760K, used 205063K [0x0000000600000000, 0x0000000800000000)
  region size 4096K, 7 young (28672K), 1 survivors (4096K)
 Metaspace       used 113147K, committed 114368K, reserved 1179648K
  class space    used 15739K, committed 16320K, reserved 1048576K
}
Event: 118.104 GC heap after
{Heap after GC invocations=70 (full 0):
 garbage-first heap   total 245760K, used 181528K [0x0000000600000000, 0x0000000800000000)
  region size 4096K, 1 young (4096K), 1 survivors (4096K)
 Metaspace       used 113147K, committed 114368K, reserved 1179648K
  class space    used 15739K, committed 16320K, reserved 1048576K
}
Event: 118.844 GC heap before
{Heap before GC invocations=70 (full 0):
 garbage-first heap   total 245760K, used 210200K [0x0000000600000000, 0x0000000800000000)
  region size 4096K, 8 young (32768K), 1 survivors (4096K)
 Metaspace       used 115054K, committed 116160K, reserved 1179648K
  class space    used 15992K, committed 16512K, reserved 1048576K
}
Event: 118.850 GC heap after
{Heap after GC invocations=71 (full 0):
 garbage-first heap   total 245760K, used 183256K [0x0000000600000000, 0x0000000800000000)
  region size 4096K, 1 young (4096K), 1 survivors (4096K)
 Metaspace       used 115054K, committed 116160K, reserved 1179648K
  class space    used 15992K, committed 16512K, reserved 1048576K
}
Event: 119.588 GC heap before
{Heap before GC invocations=71 (full 0):
 garbage-first heap   total 245760K, used 211928K [0x0000000600000000, 0x0000000800000000)
  region size 4096K, 8 young (32768K), 1 survivors (4096K)
 Metaspace       used 115600K, committed 116800K, reserved 1179648K
  class space    used 16072K, committed 16640K, reserved 1048576K
}
Event: 119.598 GC heap after
{Heap after GC invocations=72 (full 0):
 garbage-first heap   total 245760K, used 187229K [0x0000000600000000, 0x0000000800000000)
  region size 4096K, 1 young (4096K), 1 survivors (4096K)
 Metaspace       used 115600K, committed 116800K, reserved 1179648K
  class space    used 16072K, committed 16640K, reserved 1048576K
}
Event: 120.214 GC heap before
{Heap before GC invocations=72 (full 0):
 garbage-first heap   total 245760K, used 211805K [0x0000000600000000, 0x0000000800000000)
  region size 4096K, 7 young (28672K), 1 survivors (4096K)
 Metaspace       used 115734K, committed 116992K, reserved 1179648K
  class space    used 16082K, committed 16640K, reserved 1048576K
}
Event: 120.227 GC heap after
{Heap after GC invocations=73 (full 0):
 garbage-first heap   total 245760K, used 192764K [0x0000000600000000, 0x0000000800000000)
  region size 4096K, 1 young (4096K), 1 survivors (4096K)
 Metaspace       used 115734K, committed 116992K, reserved 1179648K
  class space    used 16082K, committed 16640K, reserved 1048576K
}
Event: 121.235 GC heap before
{Heap before GC invocations=73 (full 0):
 garbage-first heap   total 245760K, used 209148K [0x0000000600000000, 0x0000000800000000)
  region size 4096K, 5 young (20480K), 1 survivors (4096K)
 Metaspace       used 116285K, committed 117568K, reserved 1179648K
  class space    used 16173K, committed 16768K, reserved 1048576K
}
Event: 121.243 GC heap after
{Heap after GC invocations=74 (full 0):
 garbage-first heap   total 245760K, used 195013K [0x0000000600000000, 0x0000000800000000)
  region size 4096K, 1 young (4096K), 1 survivors (4096K)
 Metaspace       used 116285K, committed 117568K, reserved 1179648K
  class space    used 16173K, committed 16768K, reserved 1048576K
}

