# JRE version: OpenJDK Runtime Environment Temurin-21.0.10+7 (21.0.10+7) (build 21.0.10+7-LTS)
# Java VM: OpenJDK 64-Bit Server VM Temurin-21.0.10+7 (21.0.10+7-LTS, mixed mode, sharing, tiered, compressed oops, compressed class ptrs, g1 gc, windows-amd64)
GC Precious Log:
 CardTable entry size: 512
 Card Set container configuration: InlinePtr #cards 5 size 8 Array Of Cards #cards 12 size 40 Howl #buckets 4 coarsen threshold 1843 Howl Bitmap #cards 512 size 80 coarsen threshold 460 Card regions per heap region 1 cards per card region 2048
 CPUs: 8 total, 8 available
 Memory: 7502M
 Large Page Support: Disabled
 NUMA Support: Disabled
 Compressed Oops: Enabled (32-bit)
 Heap Region Size: 1M
 Heap Min Capacity: 8M
 Heap Initial Capacity: 118M
 Heap Max Capacity: 1876M
 Pre-touch: Disabled
 Parallel Workers: 8
 Concurrent Workers: 2
 Concurrent Refinement Workers: 8
 Periodic GC: Disabled
Heap:
 garbage-first heap   total 153600K, used 118571K [0x000000008ac00000, 0x0000000100000000)
  region size 1024K, 32 young (32768K), 5 survivors (5120K)
 Metaspace       used 67253K, committed 68224K, reserved 1114112K
  class space    used 7546K, committed 8000K, reserved 1048576K
GC Heap History (20 events):
Event: 12.445 GC heap before
{Heap before GC invocations=9 (full 0):
 garbage-first heap   total 106496K, used 89250K [0x000000008ac00000, 0x0000000100000000)
  region size 1024K, 44 young (45056K), 6 survivors (6144K)
 Metaspace       used 46628K, committed 47488K, reserved 1114112K
  class space    used 5808K, committed 6208K, reserved 1048576K
}
Event: 12.469 GC heap after
{Heap after GC invocations=10 (full 0):
 garbage-first heap   total 128000K, used 52168K [0x000000008ac00000, 0x0000000100000000)
  region size 1024K, 3 young (3072K), 3 survivors (3072K)
 Metaspace       used 46628K, committed 47488K, reserved 1114112K
  class space    used 5808K, committed 6208K, reserved 1048576K
}
Event: 16.955 GC heap before
{Heap before GC invocations=10 (full 0):
 garbage-first heap   total 128000K, used 105416K [0x000000008ac00000, 0x0000000100000000)
  region size 1024K, 55 young (56320K), 3 survivors (3072K)
 Metaspace       used 52208K, committed 53056K, reserved 1114112K
  class space    used 6301K, committed 6720K, reserved 1048576K
}
Event: 16.981 GC heap after
{Heap after GC invocations=11 (full 0):
 garbage-first heap   total 128000K, used 60228K [0x000000008ac00000, 0x0000000100000000)
  region size 1024K, 7 young (7168K), 7 survivors (7168K)
 Metaspace       used 52208K, committed 53056K, reserved 1114112K
  class space    used 6301K, committed 6720K, reserved 1048576K
}
Event: 20.087 GC heap before
{Heap before GC invocations=11 (full 0):
 garbage-first heap   total 128000K, used 108356K [0x000000008ac00000, 0x0000000100000000)
  region size 1024K, 54 young (55296K), 7 survivors (7168K)
 Metaspace       used 55316K, committed 56192K, reserved 1114112K
  class space    used 6508K, committed 6912K, reserved 1048576K
}
Event: 20.117 GC heap after
{Heap after GC invocations=12 (full 0):
 garbage-first heap   total 128000K, used 67056K [0x000000008ac00000, 0x0000000100000000)
  region size 1024K, 6 young (6144K), 6 survivors (6144K)
 Metaspace       used 55316K, committed 56192K, reserved 1114112K
  class space    used 6508K, committed 6912K, reserved 1048576K
}
Event: 20.665 GC heap before
{Heap before GC invocations=12 (full 0):
 garbage-first heap   total 128000K, used 80368K [0x000000008ac00000, 0x0000000100000000)
  region size 1024K, 20 young (20480K), 6 survivors (6144K)
 Metaspace       used 55647K, committed 56512K, reserved 1114112K
  class space    used 6527K, committed 6912K, reserved 1048576K
}
Event: 20.681 GC heap after
{Heap after GC invocations=13 (full 0):
 garbage-first heap   total 128000K, used 69003K [0x000000008ac00000, 0x0000000100000000)
  region size 1024K, 2 young (2048K), 2 survivors (2048K)
 Metaspace       used 55647K, committed 56512K, reserved 1114112K
  class space    used 6527K, committed 6912K, reserved 1048576K
}
Event: 22.979 GC heap before
{Heap before GC invocations=14 (full 0):
 garbage-first heap   total 128000K, used 112011K [0x000000008ac00000, 0x0000000100000000)
  region size 1024K, 43 young (44032K), 2 survivors (2048K)
 Metaspace       used 56405K, committed 57280K, reserved 1114112K
  class space    used 6550K, committed 6976K, reserved 1048576K
}
Event: 22.996 GC heap after
{Heap after GC invocations=15 (full 0):
 garbage-first heap   total 128000K, used 74752K [0x000000008ac00000, 0x0000000100000000)
  region size 1024K, 6 young (6144K), 6 survivors (6144K)
 Metaspace       used 56405K, committed 57280K, reserved 1114112K
  class space    used 6550K, committed 6976K, reserved 1048576K
}
Event: 25.529 GC heap before
{Heap before GC invocations=15 (full 0):
 garbage-first heap   total 128000K, used 115712K [0x000000008ac00000, 0x0000000100000000)
  region size 1024K, 44 young (45056K), 6 survivors (6144K)
 Metaspace       used 57022K, committed 57856K, reserved 1114112K
  class space    used 6580K, committed 6976K, reserved 1048576K
}
Event: 25.553 GC heap after
{Heap after GC invocations=16 (full 0):
 garbage-first heap   total 128000K, used 81600K [0x000000008ac00000, 0x0000000100000000)
  region size 1024K, 5 young (5120K), 5 survivors (5120K)
 Metaspace       used 57022K, committed 57856K, reserved 1114112K
  class space    used 6580K, committed 6976K, reserved 1048576K
}
Event: 27.465 GC heap before
{Heap before GC invocations=16 (full 0):
 garbage-first heap   total 128000K, used 115392K [0x000000008ac00000, 0x0000000100000000)
  region size 1024K, 38 young (38912K), 5 survivors (5120K)
 Metaspace       used 57440K, committed 58304K, reserved 1114112K
  class space    used 6609K, committed 7040K, reserved 1048576K
}
Event: 27.484 GC heap after
{Heap after GC invocations=17 (full 0):
 garbage-first heap   total 128000K, used 84939K [0x000000008ac00000, 0x0000000100000000)
  region size 1024K, 4 young (4096K), 4 survivors (4096K)
 Metaspace       used 57440K, committed 58304K, reserved 1114112K
  class space    used 6609K, committed 7040K, reserved 1048576K
}
Event: 29.471 GC heap before
{Heap before GC invocations=18 (full 0):
 garbage-first heap   total 143360K, used 116683K [0x000000008ac00000, 0x0000000100000000)
  region size 1024K, 35 young (35840K), 4 survivors (4096K)
 Metaspace       used 57892K, committed 58752K, reserved 1114112K
  class space    used 6642K, committed 7040K, reserved 1048576K
}
Event: 29.488 GC heap after
{Heap after GC invocations=19 (full 0):
 garbage-first heap   total 143360K, used 87833K [0x000000008ac00000, 0x0000000100000000)
  region size 1024K, 3 young (3072K), 3 survivors (3072K)
 Metaspace       used 57892K, committed 58752K, reserved 1114112K
  class space    used 6642K, committed 7040K, reserved 1048576K
}
Event: 31.840 GC heap before
{Heap before GC invocations=19 (full 0):
 garbage-first heap   total 143360K, used 129817K [0x000000008ac00000, 0x0000000100000000)
  region size 1024K, 44 young (45056K), 3 survivors (3072K)
 Metaspace       used 59168K, committed 60096K, reserved 1114112K
  class space    used 6758K, committed 7168K, reserved 1048576K
}
Event: 31.855 GC heap after
{Heap after GC invocations=20 (full 0):
 garbage-first heap   total 143360K, used 89855K [0x000000008ac00000, 0x0000000100000000)
  region size 1024K, 6 young (6144K), 6 survivors (6144K)
 Metaspace       used 59168K, committed 60096K, reserved 1114112K
  class space    used 6758K, committed 7168K, reserved 1048576K
}
Event: 33.393 GC heap before
{Heap before GC invocations=20 (full 0):
 garbage-first heap   total 143360K, used 131839K [0x000000008ac00000, 0x0000000100000000)
  region size 1024K, 47 young (48128K), 6 survivors (6144K)
 Metaspace       used 63807K, committed 64768K, reserved 1114112K
  class space    used 7229K, committed 7680K, reserved 1048576K
}
Event: 33.412 GC heap after
{Heap after GC invocations=21 (full 0):
 garbage-first heap   total 143360K, used 91947K [0x000000008ac00000, 0x0000000100000000)
  region size 1024K, 5 young (5120K), 5 survivors (5120K)
 Metaspace       used 63807K, committed 64768K, reserved 1114112K
  class space    used 7229K, committed 7680K, reserved 1048576K
}

