# JRE version: OpenJDK Runtime Environment Temurin-21.0.10+7 (21.0.10+7) (build 21.0.10+7-LTS)
# Java VM: OpenJDK 64-Bit Server VM Temurin-21.0.10+7 (21.0.10+7-LTS, mixed mode, sharing, tiered, compressed oops, compressed class ptrs, g1 gc, windows-amd64)
GC Precious Log:
 CardTable entry size: 512
 Card Set container configuration: InlinePtr #cards 5 size 8 Array Of Cards #cards 12 size 40 Howl #buckets 4 coarsen threshold 1843 Howl Bitmap #cards 512 size 80 coarsen threshold 460 Card regions per heap region 1 cards per card region 2048
 CPUs: 8 total, 8 available
 Memory: 7502M
 Large Page Support: Disabled
 NUMA Support: Disabled
 Compressed Oops: Enabled (32-bit)
 Heap Region Size: 1M
 Heap Min Capacity: 8M
 Heap Initial Capacity: 118M
 Heap Max Capacity: 1876M
 Pre-touch: Disabled
 Parallel Workers: 8
 Concurrent Workers: 2
 Concurrent Refinement Workers: 8
 Periodic GC: Disabled
Heap:
 garbage-first heap   total 128000K, used 81350K [0x000000008ac00000, 0x0000000100000000)
  region size 1024K, 12 young (12288K), 1 survivors (1024K)
 Metaspace       used 55715K, committed 56576K, reserved 1114112K
  class space    used 6532K, committed 6912K, reserved 1048576K
GC Heap History (20 events):
Event: 2.014 GC heap before
{Heap before GC invocations=1 (full 0):
 garbage-first heap   total 120832K, used 38976K [0x000000008ac00000, 0x0000000100000000)
  region size 1024K, 35 young (35840K), 3 survivors (3072K)
 Metaspace       used 16613K, committed 16832K, reserved 1114112K
  class space    used 1879K, committed 1984K, reserved 1048576K
}
Event: 2.025 GC heap after
{Heap after GC invocations=2 (full 0):
 garbage-first heap   total 120832K, used 8182K [0x000000008ac00000, 0x0000000100000000)
  region size 1024K, 2 young (2048K), 2 survivors (2048K)
 Metaspace       used 16613K, committed 16832K, reserved 1114112K
  class space    used 1879K, committed 1984K, reserved 1048576K
}
Event: 4.118 GC heap before
{Heap before GC invocations=2 (full 0):
 garbage-first heap   total 120832K, used 87030K [0x000000008ac00000, 0x0000000100000000)
  region size 1024K, 69 young (70656K), 2 survivors (2048K)
 Metaspace       used 21279K, committed 21504K, reserved 1114112K
  class space    used 2716K, committed 2816K, reserved 1048576K
}
Event: 4.187 GC heap after
{Heap after GC invocations=3 (full 0):
 garbage-first heap   total 120832K, used 27136K [0x000000008ac00000, 0x0000000100000000)
  region size 1024K, 9 young (9216K), 9 survivors (9216K)
 Metaspace       used 21279K, committed 21504K, reserved 1114112K
  class space    used 2716K, committed 2816K, reserved 1048576K
}
Event: 6.333 GC heap before
{Heap before GC invocations=4 (full 0):
 garbage-first heap   total 89088K, used 88576K [0x000000008ac00000, 0x0000000100000000)
  region size 1024K, 59 young (60416K), 9 survivors (9216K)
 Metaspace       used 31168K, committed 31424K, reserved 1114112K
  class space    used 3926K, committed 4032K, reserved 1048576K
}
Event: 6.370 GC heap after
{Heap after GC invocations=5 (full 0):
 garbage-first heap   total 106496K, used 44544K [0x000000008ac00000, 0x0000000100000000)
  region size 1024K, 7 young (7168K), 7 survivors (7168K)
 Metaspace       used 31168K, committed 31424K, reserved 1114112K
  class space    used 3926K, committed 4032K, reserved 1048576K
}
Event: 7.211 GC heap before
{Heap before GC invocations=5 (full 0):
 garbage-first heap   total 106496K, used 72192K [0x000000008ac00000, 0x0000000100000000)
  region size 1024K, 35 young (35840K), 7 survivors (7168K)
 Metaspace       used 35307K, committed 36096K, reserved 1114112K
  class space    used 4466K, committed 4864K, reserved 1048576K
}
Event: 7.226 GC heap after
{Heap after GC invocations=6 (full 0):
 garbage-first heap   total 106496K, used 46592K [0x000000008ac00000, 0x0000000100000000)
  region size 1024K, 3 young (3072K), 3 survivors (3072K)
 Metaspace       used 35307K, committed 36096K, reserved 1114112K
  class space    used 4466K, committed 4864K, reserved 1048576K
}
Event: 7.276 GC heap before
{Heap before GC invocations=6 (full 0):
 garbage-first heap   total 106496K, used 46592K [0x000000008ac00000, 0x0000000100000000)
  region size 1024K, 4 young (4096K), 3 survivors (3072K)
 Metaspace       used 35599K, committed 36416K, reserved 1114112K
  class space    used 4502K, committed 4928K, reserved 1048576K
}
Event: 7.283 GC heap after
{Heap after GC invocations=7 (full 0):
 garbage-first heap   total 106496K, used 46678K [0x000000008ac00000, 0x0000000100000000)
  region size 1024K, 3 young (3072K), 3 survivors (3072K)
 Metaspace       used 35599K, committed 36416K, reserved 1114112K
  class space    used 4502K, committed 4928K, reserved 1048576K
}
Event: 8.628 GC heap before
{Heap before GC invocations=8 (full 0):
 garbage-first heap   total 106496K, used 87638K [0x000000008ac00000, 0x0000000100000000)
  region size 1024K, 42 young (43008K), 3 survivors (3072K)
 Metaspace       used 41116K, committed 41920K, reserved 1114112K
  class space    used 5136K, committed 5504K, reserved 1048576K
}
Event: 8.644 GC heap after
{Heap after GC invocations=9 (full 0):
 garbage-first heap   total 128000K, used 50477K [0x000000008ac00000, 0x0000000100000000)
  region size 1024K, 6 young (6144K), 6 survivors (6144K)
 Metaspace       used 41116K, committed 41920K, reserved 1114112K
  class space    used 5136K, committed 5504K, reserved 1048576K
}
Event: 10.731 GC heap before
{Heap before GC invocations=9 (full 0):
 garbage-first heap   total 128000K, used 103725K [0x000000008ac00000, 0x0000000100000000)
  region size 1024K, 58 young (59392K), 6 survivors (6144K)
 Metaspace       used 48327K, committed 49152K, reserved 1114112K
  class space    used 5964K, committed 6336K, reserved 1048576K
}
Event: 10.749 GC heap after
{Heap after GC invocations=10 (full 0):
 garbage-first heap   total 128000K, used 54665K [0x000000008ac00000, 0x0000000100000000)
  region size 1024K, 8 young (8192K), 8 survivors (8192K)
 Metaspace       used 48327K, committed 49152K, reserved 1114112K
  class space    used 5964K, committed 6336K, reserved 1048576K
}
Event: 14.210 GC heap before
{Heap before GC invocations=10 (full 0):
 garbage-first heap   total 128000K, used 105865K [0x000000008ac00000, 0x0000000100000000)
  region size 1024K, 58 young (59392K), 8 survivors (8192K)
 Metaspace       used 53323K, committed 54208K, reserved 1114112K
  class space    used 6419K, committed 6848K, reserved 1048576K
}
Event: 14.240 GC heap after
{Heap after GC invocations=11 (full 0):
 garbage-first heap   total 128000K, used 63430K [0x000000008ac00000, 0x0000000100000000)
  region size 1024K, 8 young (8192K), 8 survivors (8192K)
 Metaspace       used 53323K, committed 54208K, reserved 1114112K
  class space    used 6419K, committed 6848K, reserved 1048576K
}
Event: 17.459 GC heap before
{Heap before GC invocations=11 (full 0):
 garbage-first heap   total 128000K, used 109510K [0x000000008ac00000, 0x0000000100000000)
  region size 1024K, 53 young (54272K), 8 survivors (8192K)
 Metaspace       used 55648K, committed 56512K, reserved 1114112K
  class space    used 6524K, committed 6912K, reserved 1048576K
}
Event: 17.486 GC heap after
{Heap after GC invocations=12 (full 0):
 garbage-first heap   total 128000K, used 69896K [0x000000008ac00000, 0x0000000100000000)
  region size 1024K, 7 young (7168K), 7 survivors (7168K)
 Metaspace       used 55648K, committed 56512K, reserved 1114112K
  class space    used 6524K, committed 6912K, reserved 1048576K
}
Event: 17.686 GC heap before
{Heap before GC invocations=12 (full 0):
 garbage-first heap   total 128000K, used 71944K [0x000000008ac00000, 0x0000000100000000)
  region size 1024K, 10 young (10240K), 7 survivors (7168K)
 Metaspace       used 55700K, committed 56576K, reserved 1114112K
  class space    used 6527K, committed 6912K, reserved 1048576K
}
Event: 17.699 GC heap after
{Heap after GC invocations=13 (full 0):
 garbage-first heap   total 128000K, used 70086K [0x000000008ac00000, 0x0000000100000000)
  region size 1024K, 1 young (1024K), 1 survivors (1024K)
 Metaspace       used 55700K, committed 56576K, reserved 1114112K
  class space    used 6527K, committed 6912K, reserved 1048576K
}

